{"C:\\Users\\JAYAPRATHAP-JP\\Downloads\\Kuberenetes_Practice\\CI_CD_Full_Setup\\ticketflow_final\\backend\\server.js": {"path":"C:\\Users\\JAYAPRATHAP-JP\\Downloads\\Kuberenetes_Practice\\CI_CD_Full_Setup\\ticketflow_final\\backend\\server.js","statementMap":{"0":{"start":{"line":1,"column":17},"end":{"line":1,"column":35}},"1":{"start":{"line":2,"column":17},"end":{"line":2,"column":34}},"2":{"start":{"line":3,"column":17},"end":{"line":3,"column":32}},"3":{"start":{"line":5,"column":33},"end":{"line":5,"column":60}},"4":{"start":{"line":6,"column":22},"end":{"line":6,"column":50}},"5":{"start":{"line":7,"column":22},"end":{"line":7,"column":48}},"6":{"start":{"line":9,"column":12},"end":{"line":9,"column":21}},"7":{"start":{"line":12,"column":0},"end":{"line":12,"column":16}},"8":{"start":{"line":13,"column":0},"end":{"line":13,"column":41}},"9":{"start":{"line":14,"column":0},"end":{"line":14,"column":28}},"10":{"start":{"line":17,"column":0},"end":{"line":19,"column":3}},"11":{"start":{"line":18,"column":2},"end":{"line":18,"column":78}},"12":{"start":{"line":22,"column":0},"end":{"line":22,"column":39}},"13":{"start":{"line":23,"column":0},"end":{"line":23,"column":40}},"14":{"start":{"line":24,"column":0},"end":{"line":24,"column":38}},"15":{"start":{"line":27,"column":0},"end":{"line":27,"column":69}},"16":{"start":{"line":27,"column":23},"end":{"line":27,"column":67}},"17":{"start":{"line":30,"column":0},"end":{"line":33,"column":3}},"18":{"start":{"line":31,"column":2},"end":{"line":31,"column":27}},"19":{"start":{"line":32,"column":2},"end":{"line":32,"column":59}},"20":{"start":{"line":35,"column":13},"end":{"line":35,"column":37}},"21":{"start":{"line":36,"column":0},"end":{"line":38,"column":1}},"22":{"start":{"line":37,"column":2},"end":{"line":37,"column":80}},"23":{"start":{"line":37,"column":25},"end":{"line":37,"column":78}},"24":{"start":{"line":40,"column":0},"end":{"line":40,"column":21}}},"fnMap":{"0":{"name":"(anonymous_0)","decl":{"start":{"line":17,"column":19},"end":{"line":17,"column":20}},"loc":{"start":{"line":17,"column":34},"end":{"line":19,"column":1}},"line":17},"1":{"name":"(anonymous_1)","decl":{"start":{"line":27,"column":8},"end":{"line":27,"column":9}},"loc":{"start":{"line":27,"column":23},"end":{"line":27,"column":67}},"line":27},"2":{"name":"(anonymous_2)","decl":{"start":{"line":30,"column":8},"end":{"line":30,"column":9}},"loc":{"start":{"line":30,"column":35},"end":{"line":33,"column":1}},"line":30},"3":{"name":"(anonymous_3)","decl":{"start":{"line":37,"column":19},"end":{"line":37,"column":20}},"loc":{"start":{"line":37,"column":25},"end":{"line":37,"column":78}},"line":37}},"branchMap":{"0":{"loc":{"start":{"line":35,"column":13},"end":{"line":35,"column":37}},"type":"binary-expr","locations":[{"start":{"line":35,"column":13},"end":{"line":35,"column":29}},{"start":{"line":35,"column":33},"end":{"line":35,"column":37}}],"line":35},"1":{"loc":{"start":{"line":36,"column":0},"end":{"line":38,"column":1}},"type":"if","locations":[{"start":{"line":36,"column":0},"end":{"line":38,"column":1}},{"start":{},"end":{}}],"line":36}},"s":{"0":0,"1":0,"2":0,"3":0,"4":0,"5":0,"6":0,"7":0,"8":0,"9":0,"10":0,"11":0,"12":0,"13":0,"14":0,"15":0,"16":0,"17":0,"18":0,"19":0,"20":0,"21":0,"22":0,"23":0,"24":0},"f":{"0":0,"1":0,"2":0,"3":0},"b":{"0":[0,0],"1":[0,0]}}
,"C:\\Users\\JAYAPRATHAP-JP\\Downloads\\Kuberenetes_Practice\\CI_CD_Full_Setup\\ticketflow_final\\backend\\middleware\\validate.js": {"path":"C:\\Users\\JAYAPRATHAP-JP\\Downloads\\Kuberenetes_Practice\\CI_CD_Full_Setup\\ticketflow_final\\backend\\middleware\\validate.js","statementMap":{"0":{"start":{"line":1,"column":29},"end":{"line":1,"column":57}},"1":{"start":{"line":4,"column":17},"end":{"line":9,"column":1}},"2":{"start":{"line":5,"column":17},"end":{"line":5,"column":38}},"3":{"start":{"line":6,"column":2},"end":{"line":7,"column":76}},"4":{"start":{"line":7,"column":4},"end":{"line":7,"column":76}},"5":{"start":{"line":8,"column":2},"end":{"line":8,"column":9}},"6":{"start":{"line":11,"column":0},"end":{"line":11,"column":26}}},"fnMap":{"0":{"name":"(anonymous_0)","decl":{"start":{"line":4,"column":17},"end":{"line":4,"column":18}},"loc":{"start":{"line":4,"column":37},"end":{"line":9,"column":1}},"line":4}},"branchMap":{"0":{"loc":{"start":{"line":6,"column":2},"end":{"line":7,"column":76}},"type":"if","locations":[{"start":{"line":6,"column":2},"end":{"line":7,"column":76}},{"start":{},"end":{}}],"line":6}},"s":{"0":0,"1":0,"2":0,"3":0,"4":0,"5":0,"6":0},"f":{"0":0},"b":{"0":[0,0]}}
,"C:\\Users\\JAYAPRATHAP-JP\\Downloads\\Kuberenetes_Practice\\CI_CD_Full_Setup\\ticketflow_final\\backend\\routes\\bookings.js": {"path":"C:\\Users\\JAYAPRATHAP-JP\\Downloads\\Kuberenetes_Practice\\CI_CD_Full_Setup\\ticketflow_final\\backend\\routes\\bookings.js","statementMap":{"0":{"start":{"line":1,"column":16},"end":{"line":1,"column":34}},"1":{"start":{"line":2,"column":21},"end":{"line":2,"column":36}},"2":{"start":{"line":3,"column":35},"end":{"line":3,"column":63}},"3":{"start":{"line":4,"column":20},"end":{"line":4,"column":40}},"4":{"start":{"line":5,"column":17},"end":{"line":5,"column":33}},"5":{"start":{"line":7,"column":17},"end":{"line":7,"column":19}},"6":{"start":{"line":10,"column":21},"end":{"line":15,"column":1}},"7":{"start":{"line":18,"column":0},"end":{"line":45,"column":3}},"8":{"start":{"line":19,"column":17},"end":{"line":19,"column":38}},"9":{"start":{"line":20,"column":2},"end":{"line":20,"column":81}},"10":{"start":{"line":20,"column":25},"end":{"line":20,"column":81}},"11":{"start":{"line":22,"column":50},"end":{"line":22,"column":58}},"12":{"start":{"line":23,"column":17},"end":{"line":23,"column":53}},"13":{"start":{"line":23,"column":35},"end":{"line":23,"column":52}},"14":{"start":{"line":25,"column":2},"end":{"line":25,"column":75}},"15":{"start":{"line":25,"column":16},"end":{"line":25,"column":75}},"16":{"start":{"line":26,"column":2},"end":{"line":27,"column":73}},"17":{"start":{"line":27,"column":4},"end":{"line":27,"column":73}},"18":{"start":{"line":29,"column":2},"end":{"line":29,"column":33}},"19":{"start":{"line":31,"column":18},"end":{"line":41,"column":3}},"20":{"start":{"line":42,"column":2},"end":{"line":42,"column":25}},"21":{"start":{"line":44,"column":2},"end":{"line":44,"column":51}},"22":{"start":{"line":48,"column":0},"end":{"line":50,"column":3}},"23":{"start":{"line":49,"column":2},"end":{"line":49,"column":64}},"24":{"start":{"line":53,"column":0},"end":{"line":57,"column":3}},"25":{"start":{"line":54,"column":12},"end":{"line":54,"column":54}},"26":{"start":{"line":54,"column":31},"end":{"line":54,"column":53}},"27":{"start":{"line":55,"column":2},"end":{"line":55,"column":70}},"28":{"start":{"line":55,"column":10},"end":{"line":55,"column":70}},"29":{"start":{"line":56,"column":2},"end":{"line":56,"column":42}},"30":{"start":{"line":59,"column":0},"end":{"line":59,"column":24}},"31":{"start":{"line":60,"column":0},"end":{"line":60,"column":35}}},"fnMap":{"0":{"name":"(anonymous_0)","decl":{"start":{"line":18,"column":31},"end":{"line":18,"column":32}},"loc":{"start":{"line":18,"column":45},"end":{"line":45,"column":1}},"line":18},"1":{"name":"(anonymous_1)","decl":{"start":{"line":23,"column":30},"end":{"line":23,"column":31}},"loc":{"start":{"line":23,"column":35},"end":{"line":23,"column":52}},"line":23},"2":{"name":"(anonymous_2)","decl":{"start":{"line":48,"column":16},"end":{"line":48,"column":17}},"loc":{"start":{"line":48,"column":31},"end":{"line":50,"column":1}},"line":48},"3":{"name":"(anonymous_3)","decl":{"start":{"line":53,"column":19},"end":{"line":53,"column":20}},"loc":{"start":{"line":53,"column":33},"end":{"line":57,"column":1}},"line":53},"4":{"name":"(anonymous_4)","decl":{"start":{"line":54,"column":26},"end":{"line":54,"column":27}},"loc":{"start":{"line":54,"column":31},"end":{"line":54,"column":53}},"line":54}},"branchMap":{"0":{"loc":{"start":{"line":20,"column":2},"end":{"line":20,"column":81}},"type":"if","locations":[{"start":{"line":20,"column":2},"end":{"line":20,"column":81}},{"start":{},"end":{}}],"line":20},"1":{"loc":{"start":{"line":22,"column":33},"end":{"line":22,"column":45}},"type":"default-arg","locations":[{"start":{"line":22,"column":44},"end":{"line":22,"column":45}}],"line":22},"2":{"loc":{"start":{"line":25,"column":2},"end":{"line":25,"column":75}},"type":"if","locations":[{"start":{"line":25,"column":2},"end":{"line":25,"column":75}},{"start":{},"end":{}}],"line":25},"3":{"loc":{"start":{"line":26,"column":2},"end":{"line":27,"column":73}},"type":"if","locations":[{"start":{"line":26,"column":2},"end":{"line":27,"column":73}},{"start":{},"end":{}}],"line":26},"4":{"loc":{"start":{"line":55,"column":2},"end":{"line":55,"column":70}},"type":"if","locations":[{"start":{"line":55,"column":2},"end":{"line":55,"column":70}},{"start":{},"end":{}}],"line":55}},"s":{"0":1,"1":1,"2":1,"3":1,"4":1,"5":1,"6":1,"7":1,"8":0,"9":0,"10":0,"11":0,"12":0,"13":0,"14":0,"15":0,"16":0,"17":0,"18":0,"19":0,"20":0,"21":0,"22":1,"23":0,"24":1,"25":0,"26":0,"27":0,"28":0,"29":0,"30":1,"31":1},"f":{"0":0,"1":0,"2":0,"3":0,"4":0},"b":{"0":[0,0],"1":[0],"2":[0,0],"3":[0,0],"4":[0,0]},"_coverageSchema":"1a1c01bbd47fc00a2c39e90264f33305004495a9","hash":"9c4a69b1d8ac0cac17fbab1ca76356f20e8c5f7d"}
,"C:\\Users\\JAYAPRATHAP-JP\\Downloads\\Kuberenetes_Practice\\CI_CD_Full_Setup\\ticketflow_final\\backend\\routes\\events.js": {"path":"C:\\Users\\JAYAPRATHAP-JP\\Downloads\\Kuberenetes_Practice\\CI_CD_Full_Setup\\ticketflow_final\\backend\\routes\\events.js","statementMap":{"0":{"start":{"line":1,"column":16},"end":{"line":1,"column":34}},"1":{"start":{"line":2,"column":16},"end":{"line":2,"column":32}},"2":{"start":{"line":4,"column":19},"end":{"line":8,"column":1}},"3":{"start":{"line":10,"column":0},"end":{"line":12,"column":3}},"4":{"start":{"line":11,"column":2},"end":{"line":11,"column":42}},"5":{"start":{"line":14,"column":0},"end":{"line":14,"column":24}}},"fnMap":{"0":{"name":"(anonymous_0)","decl":{"start":{"line":10,"column":26},"end":{"line":10,"column":27}},"loc":{"start":{"line":10,"column":41},"end":{"line":12,"column":1}},"line":10}},"branchMap":{},"s":{"0":0,"1":0,"2":0,"3":0,"4":0,"5":0},"f":{"0":0},"b":{}}
,"C:\\Users\\JAYAPRATHAP-JP\\Downloads\\Kuberenetes_Practice\\CI_CD_Full_Setup\\ticketflow_final\\backend\\routes\\tickets.js": {"path":"C:\\Users\\JAYAPRATHAP-JP\\Downloads\\Kuberenetes_Practice\\CI_CD_Full_Setup\\ticketflow_final\\backend\\routes\\tickets.js","statementMap":{"0":{"start":{"line":1,"column":16},"end":{"line":1,"column":34}},"1":{"start":{"line":2,"column":21},"end":{"line":2,"column":36}},"2":{"start":{"line":3,"column":16},"end":{"line":3,"column":32}},"3":{"start":{"line":6,"column":16},"end":{"line":17,"column":1}},"4":{"start":{"line":20,"column":0},"end":{"line":27,"column":3}},"5":{"start":{"line":21,"column":15},"end":{"line":25,"column":5}},"6":{"start":{"line":21,"column":33},"end":{"line":25,"column":3}},"7":{"start":{"line":26,"column":2},"end":{"line":26,"column":65}},"8":{"start":{"line":30,"column":0},"end":{"line":36,"column":3}},"9":{"start":{"line":31,"column":17},"end":{"line":31,"column":58}},"10":{"start":{"line":31,"column":35},"end":{"line":31,"column":57}},"11":{"start":{"line":32,"column":2},"end":{"line":32,"column":74}},"12":{"start":{"line":32,"column":15},"end":{"line":32,"column":74}},"13":{"start":{"line":33,"column":2},"end":{"line":35,"column":6}},"14":{"start":{"line":38,"column":0},"end":{"line":41,"column":2}}},"fnMap":{"0":{"name":"(anonymous_0)","decl":{"start":{"line":20,"column":16},"end":{"line":20,"column":17}},"loc":{"start":{"line":20,"column":31},"end":{"line":27,"column":1}},"line":20},"1":{"name":"(anonymous_1)","decl":{"start":{"line":21,"column":27},"end":{"line":21,"column":28}},"loc":{"start":{"line":21,"column":33},"end":{"line":25,"column":3}},"line":21},"2":{"name":"(anonymous_2)","decl":{"start":{"line":30,"column":19},"end":{"line":30,"column":20}},"loc":{"start":{"line":30,"column":33},"end":{"line":36,"column":1}},"line":30},"3":{"name":"(anonymous_3)","decl":{"start":{"line":31,"column":30},"end":{"line":31,"column":31}},"loc":{"start":{"line":31,"column":35},"end":{"line":31,"column":57}},"line":31}},"branchMap":{"0":{"loc":{"start":{"line":32,"column":2},"end":{"line":32,"column":74}},"type":"if","locations":[{"start":{"line":32,"column":2},"end":{"line":32,"column":74}},{"start":{},"end":{}}],"line":32}},"s":{"0":2,"1":2,"2":2,"3":2,"4":2,"5":0,"6":0,"7":0,"8":2,"9":0,"10":0,"11":0,"12":0,"13":0,"14":2},"f":{"0":0,"1":0,"2":0,"3":0},"b":{"0":[0,0]},"_coverageSchema":"1a1c01bbd47fc00a2c39e90264f33305004495a9","hash":"edac121e84256d38acb12af9572cc738cbfe5ae3"}
}
